#
# A fatal error has been detected by the Java Runtime Environment:
#
#  Internal Error (classFileParser.cpp:3494), pid=8184, tid=5648
#  Error: ShouldNotReachHere()
#
# JRE version: 6.0_30-b12
# Java VM: Java HotSpot(TM) Client VM (20.5-b03 mixed mode windows-x86 )
# If you would like to submit a bug report, please visit:
#   http://java.sun.com/webapps/bugreport/crash.jsp
#

---------------  T H R E A D  ---------------

Current thread (0x01bcb000):  JavaThread "Unknown thread" [_thread_in_vm, id=5648, stack(0x02020000,0x02070000)]

Stack: [0x02020000,0x02070000],  sp=0x0206f86c,  free space=318k
Native frames: (J=compiled Java code, j=interpreted, Vv=VM code, C=native code)
V  [jvm.dll+0x1335ca]
V  [jvm.dll+0x12e57b]
V  [jvm.dll+0x1639e]
V  [jvm.dll+0x17bdf]
V  [jvm.dll+0x26cc5]
V  [jvm.dll+0x27506]
V  [jvm.dll+0x278b5]
V  [jvm.dll+0x27949]
V  [jvm.dll+0x27a0c]
V  [jvm.dll+0x27a8a]
V  [jvm.dll+0x27b6d]
V  [jvm.dll+0x27e39]
V  [jvm.dll+0x6c383]
V  [jvm.dll+0x6c75c]
V  [jvm.dll+0xf9b4c]
V  [jvm.dll+0x11848b]
V  [jvm.dll+0x9eb60]
C  [javaw.exe+0x1657]
C  [javaw.exe+0x1e2c]
C  [javaw.exe+0x8614]
C  [kernel32.dll+0x1339a]  BaseThreadInitThunk+0x12
C  [ntdll.dll+0x39ef2]  RtlInitializeExceptionChain+0x63
C  [ntdll.dll+0x39ec5]  RtlInitializeExceptionChain+0x36


---------------  P R O C E S S  ---------------

Java Threads: ( => current thread )

Other Threads:

=>0x01bcb000 (exited) JavaThread "Unknown thread" [_thread_in_vm, id=5648, stack(0x02020000,0x02070000)]

VM state:not at safepoint (not fully initialized)

VM Mutex/Monitor currently owned by a thread: None

Dynamic libraries:
0x00400000 - 0x00425000 	C:\Program Files (x86)\Java\jre6\bin\javaw.exe
0x77680000 - 0x77800000 	C:\Windows\SysWOW64\ntdll.dll
0x75580000 - 0x75690000 	C:\Windows\syswow64\kernel32.dll
0x75530000 - 0x75576000 	C:\Windows\syswow64\KERNELBASE.dll
0x75b90000 - 0x75c30000 	C:\Windows\syswow64\ADVAPI32.dll
0x76cd0000 - 0x76d7c000 	C:\Windows\syswow64\msvcrt.dll
0x75060000 - 0x75079000 	C:\Windows\SysWOW64\sechost.dll
0x75d30000 - 0x75e20000 	C:\Windows\syswow64\RPCRT4.dll
0x74d60000 - 0x74dc0000 	C:\Windows\syswow64\SspiCli.dll
0x74d50000 - 0x74d5c000 	C:\Windows\syswow64\CRYPTBASE.dll
0x75c30000 - 0x75d30000 	C:\Windows\syswow64\USER32.dll
0x75950000 - 0x759e0000 	C:\Windows\syswow64\GDI32.dll
0x75050000 - 0x7505a000 	C:\Windows\syswow64\LPK.dll
0x752c0000 - 0x7535d000 	C:\Windows\syswow64\USP10.dll
0x74dc0000 - 0x74e20000 	C:\Windows\system32\IMM32.DLL
0x76b70000 - 0x76c3c000 	C:\Windows\syswow64\MSCTF.dll
0x7c340000 - 0x7c396000 	C:\Program Files (x86)\Java\jre6\bin\msvcr71.dll
0x6d7f0000 - 0x6da9f000 	C:\Program Files (x86)\Java\jre6\bin\client\jvm.dll
0x726a0000 - 0x726d2000 	C:\Windows\system32\WINMM.dll
0x71a30000 - 0x71a7c000 	C:\Windows\system32\apphelp.dll
0x6d7a0000 - 0x6d7ac000 	C:\Program Files (x86)\Java\jre6\bin\verify.dll
0x6d320000 - 0x6d33f000 	C:\Program Files (x86)\Java\jre6\bin\java.dll
0x6d7e0000 - 0x6d7ef000 	C:\Program Files (x86)\Java\jre6\bin\zip.dll
0x77650000 - 0x77655000 	C:\Windows\system32\PSAPI.DLL

VM Arguments:
jvm_args: -Dvce.launchers=org.eclipse.ve.internal.java.vce.launcher.remotevm.JFCLauncher -Dvce.launcher.class=org.csuni.PianoApp.Repetoire -Dfile.encoding=Cp1252 -Xbootclasspath:C:\Program Files (x86)\Android\android-sdk-windows\platforms\android-8\android.jar 
java_command: org.eclipse.ve.internal.java.vce.launcher.remotevm.JavaBeansLauncher
Launcher Type: SUN_STANDARD

Environment Variables:
CLASSPATH=.;.;C:\PROGRA~2\JMF21~1.1E\lib\sound.jar;C:\PROGRA~2\JMF21~1.1E\lib\jmf.jar;C:\PROGRA~2\JMF21~1.1E\lib;
PATH=C:/Program Files (x86)/Java/jre6/bin/client;C:/Program Files (x86)/Java/jre6/bin;C:/Program Files (x86)/Java/jre6/lib/i386;C:\Program Files (x86)\PC Connectivity Solution\;C:\Program Files\Common Files\Microsoft Shared\Windows Live;C:\Program Files (x86)\Common Files\Microsoft Shared\Windows Live;C:\Windows\system32;C:\Windows;C:\Windows\System32\Wbem;C:\Windows\System32\WindowsPowerShell\v1.0\;C:\Program Files\Dell\Dell Wireless WLAN Card;c:\Program Files (x86)\Common Files\Roxio Shared\DLLShared\;C:\Program Files (x86)\Microsoft SQL Server\100\Tools\Binn\;C:\Program Files\Microsoft SQL Server\100\Tools\Binn\;C:\Program Files\Microsoft SQL Server\100\DTS\Binn\;C:\Program Files (x86)\Windows Live\Shared;C:\Program Files (x86)\Java\jdk1.6.0_20\bin;C:\Program Files (x86)\Android\android-sdk-windows\tools;C:\Program Files (x86)\Android\android-sdk-windows\platform-tools;C:\Windows\system32\wbem;C:\Program Files (x86)\IVT Corporation\BlueSoleil\Mobile;C:\Program Files (x86)\TortoiseSVN\bin;C:\Program Files (x86)\QuickTime\QTSystem\;C:\Program Files (x86)\Common Files\Hackety Hack\0.r1529\..
USERNAME=sthughes
OS=Windows_NT
PROCESSOR_IDENTIFIER=Intel64 Family 6 Model 23 Stepping 10, GenuineIntel



---------------  S Y S T E M  ---------------

OS: Windows 7 , 64 bit Build 7601 Service Pack 1

CPU:total 2 (2 cores per cpu, 1 threads per core) family 6 model 23 stepping 10, cmov, cx8, fxsr, mmx, sse, sse2, sse3, ssse3

Memory: 4k page, physical 3105140k(1068220k free), swap 6208432k(2816328k free)

vm_info: Java HotSpot(TM) Client VM (20.5-b03) for windows-x86 JRE (1.6.0_30-b12), built on Nov 10 2011 01:51:00 by "java_re" with MS VC++ 7.1 (VS2003)

time: Fri Feb 17 14:52:38 2012
elapsed time: 0 seconds

