#
# A fatal error has been detected by the Java Runtime Environment:
#
#  EXCEPTION_ACCESS_VIOLATION (0xc0000005) at pc=0xffffe65e, pid=5068, tid=5000
#
# JRE version: 6.0_32-b05
# Java VM: Java HotSpot(TM) Client VM (20.7-b02 mixed mode, sharing windows-x86 )
# Problematic frame:
# C  0xffffe65e
#
# If you would like to submit a bug report, please visit:
#   http://java.sun.com/webapps/bugreport/crash.jsp
# The crash happened outside the Java Virtual Machine in native code.
# See problematic frame for where to report the bug.
#

---------------  T H R E A D  ---------------

Current thread (0x025ec800):  JavaThread "AWT-Windows" daemon [_thread_in_native, id=5000, stack(0x04d90000,0x04de0000)]

siginfo: ExceptionCode=0xc0000005, reading address 0xffffe65e

Registers:
EAX=0x00000002, EBX=0x00000001, ECX=0x070c6b00, EDX=0x6d0c00b6
ESP=0x04ddf7dc, EBP=0x04ddf808, ESI=0x025ec928, EDI=0x070c6b00
EIP=0xffffe65e, EFLAGS=0x00010293

Top of Stack: (sp=0x04ddf7dc)
0x04ddf7dc:   6d09cf05 00000000 6d09ca00 00000000
0x04ddf7ec:   04ddf884 00000000 025ec928 04ddf7e0
0x04ddf7fc:   04ddf89c 6d0c0698 00000001 04ddf834
0x04ddf80c:   764262fa 0009045e 0000981a 070c6b00
0x04ddf81c:   00000000 6d09ca00 dcbaabcd 00000000
0x04ddf82c:   00000000 6d09ca00 04ddf8ac 76426d3a
0x04ddf83c:   6d09ca00 0009045e 0000981a 070c6b00
0x04ddf84c:   00000000 a129c3de 04ddf944 04ddf93c 

Instructions: (pc=0xffffe65e)
0xffffe63e:   
[error occurred during error reporting (printing registers, top of stack, instructions near pc), id 0xc0000005]

Register to memory mapping:

EAX=0x00000002 is an unknown value
EBX=0x00000001 is an unknown value
ECX=0x070c6b00 is an unknown value
EDX=0x6d0c00b6 is an unknown value
ESP=0x04ddf7dc is pointing into the stack for thread: 0x025ec800
EBP=0x04ddf808 is pointing into the stack for thread: 0x025ec800
ESI=0x025ec928 is an unknown value
EDI=0x070c6b00 is an unknown value


Stack: [0x04d90000,0x04de0000],  sp=0x04ddf7dc,  free space=317k
Native frames: (J=compiled Java code, j=interpreted, Vv=VM code, C=native code)
C  0xffffe65e
C  [USER32.dll+0x162fa]  gapfnScSendMessage+0x332
C  [USER32.dll+0x16d3a]  GetThreadDesktop+0xd7
C  [USER32.dll+0x177c4]  CharPrevW+0x138
C  [USER32.dll+0x1788a]  DispatchMessageW+0xf

Java frames: (J=compiled Java code, j=interpreted, Vv=VM code)
j  sun.awt.windows.WToolkit.eventLoop()V+0
j  sun.awt.windows.WToolkit.run()V+52
j  java.lang.Thread.run()V+11
v  ~StubRoutines::call_stub

---------------  P R O C E S S  ---------------

Java Threads: ( => current thread )
  0x070afc00 JavaThread "Thread-1" daemon [_thread_in_native, id=3840, stack(0x06890000,0x068e0000)]
  0x070b0000 JavaThread "Timer-3" [_thread_blocked, id=4620, stack(0x06c40000,0x06c90000)]
  0x070aec00 JavaThread "DestroyJavaVM" [_thread_blocked, id=3400, stack(0x002b0000,0x00300000)]
  0x070ae800 JavaThread "Thread-10" [_thread_in_native, id=4592, stack(0x07600000,0x07650000)]
  0x070ae000 JavaThread "Thread-9" [_thread_in_native, id=3960, stack(0x078d0000,0x07920000)]
  0x070aa800 JavaThread "Thread-7" [_thread_in_native, id=4788, stack(0x077b0000,0x07800000)]
  0x070aa000 JavaThread "Timer-0" [_thread_blocked, id=3428, stack(0x07720000,0x07770000)]
  0x0709d000 JavaThread "Thread-4" [_thread_in_native, id=3104, stack(0x07410000,0x07460000)]
  0x0709cc00 JavaThread "Thread-3" [_thread_in_native, id=4648, stack(0x07320000,0x07370000)]
  0x0709c400 JavaThread "Thread-2" [_thread_in_native, id=5056, stack(0x07290000,0x072e0000)]
  0x07076000 JavaThread "AWT-EventQueue-0" [_thread_blocked, id=3268, stack(0x07240000,0x07290000)]
=>0x025ec800 JavaThread "AWT-Windows" daemon [_thread_in_native, id=5000, stack(0x04d90000,0x04de0000)]
  0x025ec000 JavaThread "AWT-Shutdown" [_thread_blocked, id=3108, stack(0x04d00000,0x04d50000)]
  0x025d8400 JavaThread "Java2D Disposer" daemon [_thread_in_native, id=4160, stack(0x04c20000,0x04c70000)]
  0x02591800 JavaThread "Low Memory Detector" daemon [_thread_blocked, id=5012, stack(0x04960000,0x049b0000)]
  0x02588c00 JavaThread "C1 CompilerThread0" daemon [_thread_blocked, id=2288, stack(0x048d0000,0x04920000)]
  0x02587c00 JavaThread "Attach Listener" daemon [_thread_blocked, id=912, stack(0x04840000,0x04890000)]
  0x02582c00 JavaThread "Signal Dispatcher" daemon [_thread_blocked, id=3156, stack(0x047b0000,0x04800000)]
  0x0257b800 JavaThread "Finalizer" daemon [_thread_blocked, id=2496, stack(0x04720000,0x04770000)]
  0x02579400 JavaThread "Reference Handler" daemon [_thread_blocked, id=4736, stack(0x04690000,0x046e0000)]

Other Threads:
  0x0253c800 VMThread [stack: 0x04600000,0x04650000] [id=4600]
  0x025a3000 WatcherThread [stack: 0x049f0000,0x04a40000] [id=1308]

VM state:not at safepoint (normal execution)

VM Mutex/Monitor currently owned by a thread: None

Heap
 def new generation   total 4928K, used 828K [0x24500000, 0x24a50000, 0x29a50000)
  eden space 4416K,   7% used [0x24500000, 0x2454f198, 0x24950000)
  from space 512K, 100% used [0x249d0000, 0x24a50000, 0x24a50000)
  to   space 512K,   0% used [0x24950000, 0x24950000, 0x249d0000)
 tenured generation   total 10944K, used 437K [0x29a50000, 0x2a500000, 0x34500000)
   the space 10944K,   3% used [0x29a50000, 0x29abd6b8, 0x29abd800, 0x2a500000)
 compacting perm gen  total 12288K, used 638K [0x34500000, 0x35100000, 0x38500000)
   the space 12288K,   5% used [0x34500000, 0x3459fbd8, 0x3459fc00, 0x35100000)
    ro space 10240K,  51% used [0x38500000, 0x38a2e338, 0x38a2e400, 0x38f00000)
    rw space 12288K,  55% used [0x38f00000, 0x3959a070, 0x3959a200, 0x39b00000)

Code Cache  [0x02600000, 0x026d0000, 0x04600000)
 total_blobs=480 nmethods=268 adapters=148 free_code_cache=32731904 largest_free_block=0

Dynamic libraries:
0x00400000 - 0x00425000 	C:\Program Files (x86)\Java\jre6\bin\javaw.exe
0x77ad0000 - 0x77c50000 	C:\Windows\SysWOW64\ntdll.dll
0x75780000 - 0x75890000 	C:\Windows\syswow64\kernel32.dll
0x76220000 - 0x76266000 	C:\Windows\syswow64\KERNELBASE.dll
0x75890000 - 0x75930000 	C:\Windows\syswow64\ADVAPI32.dll
0x75ee0000 - 0x75f8c000 	C:\Windows\syswow64\msvcrt.dll
0x75ec0000 - 0x75ed9000 	C:\Windows\SysWOW64\sechost.dll
0x766a0000 - 0x76790000 	C:\Windows\syswow64\RPCRT4.dll
0x75630000 - 0x75690000 	C:\Windows\syswow64\SspiCli.dll
0x75620000 - 0x7562c000 	C:\Windows\syswow64\CRYPTBASE.dll
0x76410000 - 0x76510000 	C:\Windows\syswow64\USER32.dll
0x768d0000 - 0x76960000 	C:\Windows\syswow64\GDI32.dll
0x75a70000 - 0x75a7a000 	C:\Windows\syswow64\LPK.dll
0x775b0000 - 0x7764d000 	C:\Windows\syswow64\USP10.dll
0x71a00000 - 0x71a4c000 	C:\Windows\system32\apphelp.dll
0x6f760000 - 0x6f7ed000 	C:\Windows\AppPatch\AcLayers.DLL
0x76960000 - 0x775aa000 	C:\Windows\syswow64\SHELL32.dll
0x759a0000 - 0x759f7000 	C:\Windows\syswow64\SHLWAPI.dll
0x75ff0000 - 0x7614c000 	C:\Windows\syswow64\ole32.dll
0x756f0000 - 0x7577f000 	C:\Windows\syswow64\OLEAUT32.dll
0x743a0000 - 0x743b7000 	C:\Windows\system32\USERENV.dll
0x74400000 - 0x7440b000 	C:\Windows\system32\profapi.dll
0x754a0000 - 0x754f1000 	C:\Windows\system32\WINSPOOL.DRV
0x6f900000 - 0x6f912000 	C:\Windows\system32\MPR.dll
0x75690000 - 0x756f0000 	C:\Windows\system32\IMM32.DLL
0x76150000 - 0x7621c000 	C:\Windows\syswow64\MSCTF.dll
0x7c340000 - 0x7c396000 	C:\Program Files (x86)\Java\jre6\bin\msvcr71.dll
0x6d7f0000 - 0x6da9f000 	C:\Program Files (x86)\Java\jre6\bin\client\jvm.dll
0x74570000 - 0x745a2000 	C:\Windows\system32\WINMM.dll
0x6d7a0000 - 0x6d7ac000 	C:\Program Files (x86)\Java\jre6\bin\verify.dll
0x6d320000 - 0x6d33f000 	C:\Program Files (x86)\Java\jre6\bin\java.dll
0x6d7e0000 - 0x6d7ef000 	C:\Program Files (x86)\Java\jre6\bin\zip.dll
0x6d000000 - 0x6d14c000 	C:\Program Files (x86)\Java\jre6\bin\awt.dll
0x71d50000 - 0x71eee000 	C:\Windows\WinSxS\x86_microsoft.windows.common-controls_6595b64144ccf1df_6.0.7601.17514_none_41e6975e2bd6f2b2\COMCTL32.dll
0x71a50000 - 0x71a63000 	C:\Windows\system32\DWMAPI.DLL
0x71ef0000 - 0x71f70000 	C:\Windows\system32\uxtheme.dll
0x6d230000 - 0x6d27f000 	C:\Program Files (x86)\Java\jre6\bin\fontmanager.dll
0x6d600000 - 0x6d613000 	C:\Program Files (x86)\Java\jre6\bin\net.dll
0x75930000 - 0x75965000 	C:\Windows\syswow64\WS2_32.dll
0x77aa0000 - 0x77aa6000 	C:\Windows\syswow64\NSI.dll
0x72d50000 - 0x72d8c000 	C:\Windows\system32\mswsock.dll
0x730c0000 - 0x730c6000 	C:\Windows\System32\wship6.dll
0x6d620000 - 0x6d629000 	C:\Program Files (x86)\Java\jre6\bin\nio.dll
0x74380000 - 0x74385000 	C:\Windows\System32\wshtcpip.dll
0x6d1a0000 - 0x6d1c3000 	C:\Program Files (x86)\Java\jre6\bin\dcpr.dll
0x714e0000 - 0x714f6000 	C:\Windows\system32\CRYPTSP.dll
0x714a0000 - 0x714db000 	C:\Windows\system32\rsaenh.dll
0x71490000 - 0x7149e000 	C:\Windows\system32\RpcRtRemote.dll
0x75d70000 - 0x75d75000 	C:\Windows\system32\PSAPI.DLL

VM Arguments:
jvm_args: -Dfile.encoding=Cp1252 
java_command: DesktopDriver
Launcher Type: SUN_STANDARD

Environment Variables:
CLASSPATH=.;C:\Program Files (x86)\Java\jre6\lib\ext\QTJava.zip
PATH=C:/Program Files (x86)/Java/jre6/bin/client;C:/Program Files (x86)/Java/jre6/bin;C:/Program Files (x86)/Java/jre6/lib/i386;C:\Program Files (x86)\NVIDIA Corporation\PhysX\Common;C:\Program Files\Common Files\Microsoft Shared\Windows Live;C:\Windows\system32;C:\Windows;C:\Windows\System32\Wbem;C:\Windows\System32\WindowsPowerShell\v1.0\;C:\Program Files (x86)\QuickTime\QTSystem\;C:\Users\Cody\Desktop\Android\eclipse;
USERNAME=Cody
OS=Windows_NT
PROCESSOR_IDENTIFIER=Intel64 Family 6 Model 23 Stepping 10, GenuineIntel



---------------  S Y S T E M  ---------------

OS: Windows 7 , 64 bit Build 7601 Service Pack 1

CPU:total 4 (4 cores per cpu, 1 threads per core) family 6 model 23 stepping 10, cmov, cx8, fxsr, mmx, sse, sse2, sse3, ssse3

Memory: 4k page, physical 4192760k(2252980k free), swap 8383668k(6072192k free)

vm_info: Java HotSpot(TM) Client VM (20.7-b02) for windows-x86 JRE (1.6.0_32-b05), built on Apr  5 2012 13:50:34 by "java_re" with MS VC++ 7.1 (VS2003)

time: Mon Jun 18 16:10:57 2012
elapsed time: 41 seconds

