#
# A fatal error has been detected by the Java Runtime Environment:
#
#  EXCEPTION_ACCESS_VIOLATION (0xc0000005) at pc=0x00000000, pid=3164, tid=2664
#
# JRE version: 6.0_26-b03
# Java VM: Java HotSpot(TM) Client VM (20.1-b02 mixed mode, sharing windows-x86 )
# Problematic frame:
# C  0x00000000
#
# If you would like to submit a bug report, please visit:
#   http://java.sun.com/webapps/bugreport/crash.jsp
# The crash happened outside the Java Virtual Machine in native code.
# See problematic frame for where to report the bug.
#

---------------  T H R E A D  ---------------

Current thread (0x020fd400):  JavaThread "AWT-Windows" daemon [_thread_in_native, id=2664, stack(0x04910000,0x04960000)]

siginfo: ExceptionCode=0xc0000005, reading address 0x00000000

Registers:
EAX=0x002e9a08, EBX=0x00000001, ECX=0x083f5ac0, EDX=0x00000004
ESP=0x0495f7dc, EBP=0x0495f808, ESI=0x020fd528, EDI=0x083f5ac0
EIP=0x00000000, EFLAGS=0x00010293

Top of Stack: (sp=0x0495f7dc)
0x0495f7dc:   6d09cb90 00000000 6d09c650 00000000
0x0495f7ec:   0495f884 00000000 020fd528 0495f7e0
0x0495f7fc:   0495f89c 6d0c04a8 00000001 0495f834
0x0495f80c:   767d62fa 000c01ec 0000981a 083f5ac0
0x0495f81c:   00000000 6d09c650 dcbaabcd 00000000
0x0495f82c:   00000000 6d09c650 0495f8ac 767d6d3a
0x0495f83c:   6d09c650 000c01ec 0000981a 083f5ac0
0x0495f84c:   00000000 8f7e87f1 0495f944 0495f93c 

Instructions: (pc=0x00000000)
0xffffffe0:   


Register to memory mapping:

EAX=0x002e9a08 is an unknown value
EBX=0x00000001 is an unknown value
ECX=0x083f5ac0 is an unknown value
EDX=0x00000004 is an unknown value
ESP=0x0495f7dc is pointing into the stack for thread: 0x020fd400
EBP=0x0495f808 is pointing into the stack for thread: 0x020fd400
ESI=0x020fd528 is an unknown value
EDI=0x083f5ac0 is an unknown value


Stack: [0x04910000,0x04960000],  sp=0x0495f7dc,  free space=317k
Java frames: (J=compiled Java code, j=interpreted, Vv=VM code)
j  sun.awt.windows.WToolkit.eventLoop()V+0
j  sun.awt.windows.WToolkit.run()V+52
j  java.lang.Thread.run()V+11
v  ~StubRoutines::call_stub

---------------  P R O C E S S  ---------------

Java Threads: ( => current thread )
  0x083ea800 JavaThread "Thread-1" daemon [_thread_in_native, id=3236, stack(0x07a30000,0x07a80000)]
  0x083ea000 JavaThread "Timer-2" [_thread_blocked, id=2220, stack(0x079a0000,0x079f0000)]
  0x083e9c00 JavaThread "TimerQueue" daemon [_thread_blocked, id=1700, stack(0x09f80000,0x09fd0000)]
  0x083e9000 JavaThread "DestroyJavaVM" [_thread_blocked, id=3632, stack(0x002f0000,0x00340000)]
  0x083e8800 JavaThread "Thread-11" [_thread_in_native, id=3348, stack(0x08d70000,0x08dc0000)]
  0x083e8400 JavaThread "Thread-10" [_thread_blocked, id=2228, stack(0x089e0000,0x08a30000)]
  0x083e7c00 JavaThread "Thread-9" [_thread_in_native, id=3260, stack(0x08ce0000,0x08d30000)]
  0x083e1c00 JavaThread "Thread-7" [_thread_in_native, id=3560, stack(0x08bc0000,0x08c10000)]
  0x083e3c00 JavaThread "Timer-0" [_thread_blocked, id=992, stack(0x08b30000,0x08b80000)]
  0x083d7400 JavaThread "Thread-4" [_thread_in_native, id=2204, stack(0x08820000,0x08870000)]
  0x083d6c00 JavaThread "Thread-3" [_thread_in_native, id=3204, stack(0x08790000,0x087e0000)]
  0x083d6400 JavaThread "Thread-2" [_thread_in_native, id=288, stack(0x08700000,0x08750000)]
  0x083d5c00 JavaThread "AWT-EventQueue-0" [_thread_blocked, id=2756, stack(0x08630000,0x08680000)]
=>0x020fd400 JavaThread "AWT-Windows" daemon [_thread_in_native, id=2664, stack(0x04910000,0x04960000)]
  0x020fcc00 JavaThread "AWT-Shutdown" [_thread_blocked, id=2644, stack(0x048c0000,0x04910000)]
  0x020fa000 JavaThread "Java2D Disposer" daemon [_thread_blocked, id=2884, stack(0x04700000,0x04750000)]
  0x020b3c00 JavaThread "Low Memory Detector" daemon [_thread_blocked, id=2964, stack(0x045e0000,0x04630000)]
  0x020aa400 JavaThread "C1 CompilerThread0" daemon [_thread_blocked, id=2520, stack(0x04550000,0x045a0000)]
  0x020a9400 JavaThread "Attach Listener" daemon [_thread_blocked, id=3508, stack(0x044c0000,0x04510000)]
  0x020a6400 JavaThread "Signal Dispatcher" daemon [_thread_blocked, id=2796, stack(0x04430000,0x04480000)]
  0x020a1400 JavaThread "Finalizer" daemon [_thread_blocked, id=1560, stack(0x043a0000,0x043f0000)]
  0x0209c000 JavaThread "Reference Handler" daemon [_thread_blocked, id=3828, stack(0x04310000,0x04360000)]

Other Threads:
  0x0205fc00 VMThread [stack: 0x04280000,0x042d0000] [id=2208]
  0x020b5800 WatcherThread [stack: 0x04670000,0x046c0000] [id=584]

VM state:not at safepoint (normal execution)

VM Mutex/Monitor currently owned by a thread: None

Heap
 def new generation   total 4928K, used 780K [0x24180000, 0x246d0000, 0x296d0000)
  eden space 4416K,   6% used [0x24180000, 0x241c32c0, 0x245d0000)
  from space 512K, 100% used [0x24650000, 0x246d0000, 0x246d0000)
  to   space 512K,   0% used [0x245d0000, 0x245d0000, 0x24650000)
 tenured generation   total 10944K, used 443K [0x296d0000, 0x2a180000, 0x34180000)
   the space 10944K,   4% used [0x296d0000, 0x2973ee28, 0x2973f000, 0x2a180000)
 compacting perm gen  total 12288K, used 845K [0x34180000, 0x34d80000, 0x38180000)
   the space 12288K,   6% used [0x34180000, 0x342535d0, 0x34253600, 0x34d80000)
    ro space 10240K,  51% used [0x38180000, 0x386adff8, 0x386ae000, 0x38b80000)
    rw space 12288K,  55% used [0x38b80000, 0x3921c208, 0x3921c400, 0x39780000)

Code Cache  [0x02130000, 0x021f8000, 0x04130000)
 total_blobs=435 nmethods=223 adapters=148 free_code_cache=32745856 largest_free_block=0

Dynamic libraries:
0x00400000 - 0x00424000 	C:\Program Files (x86)\Java\jre6\bin\javaw.exe
0x77320000 - 0x774a0000 	C:\Windows\SysWOW64\ntdll.dll
0x75ab0000 - 0x75bc0000 	C:\Windows\syswow64\kernel32.dll
0x76370000 - 0x763b6000 	C:\Windows\syswow64\KERNELBASE.dll
0x762d0000 - 0x76370000 	C:\Windows\syswow64\ADVAPI32.dll
0x75e00000 - 0x75eac000 	C:\Windows\syswow64\msvcrt.dll
0x763c0000 - 0x763d9000 	C:\Windows\SysWOW64\sechost.dll
0x76610000 - 0x76700000 	C:\Windows\syswow64\RPCRT4.dll
0x74a00000 - 0x74a60000 	C:\Windows\syswow64\SspiCli.dll
0x749f0000 - 0x749fc000 	C:\Windows\syswow64\CRYPTBASE.dll
0x767c0000 - 0x768c0000 	C:\Windows\syswow64\USER32.dll
0x76580000 - 0x76610000 	C:\Windows\syswow64\GDI32.dll
0x74de0000 - 0x74dea000 	C:\Windows\syswow64\LPK.dll
0x76720000 - 0x767bd000 	C:\Windows\syswow64\USP10.dll
0x75a50000 - 0x75ab0000 	C:\Windows\system32\IMM32.DLL
0x760e0000 - 0x761ac000 	C:\Windows\syswow64\MSCTF.dll
0x7c340000 - 0x7c396000 	C:\Program Files (x86)\Java\jre6\bin\msvcr71.dll
0x6d7f0000 - 0x6da9f000 	C:\Program Files (x86)\Java\jre6\bin\client\jvm.dll
0x73e70000 - 0x73ea2000 	C:\Windows\system32\WINMM.dll
0x74600000 - 0x7464c000 	C:\Windows\system32\apphelp.dll
0x6d7a0000 - 0x6d7ac000 	C:\Program Files (x86)\Java\jre6\bin\verify.dll
0x6d320000 - 0x6d33f000 	C:\Program Files (x86)\Java\jre6\bin\java.dll
0x75a40000 - 0x75a45000 	C:\Windows\system32\PSAPI.DLL
0x6d7e0000 - 0x6d7ef000 	C:\Program Files (x86)\Java\jre6\bin\zip.dll
0x6d000000 - 0x6d14b000 	C:\Program Files (x86)\Java\jre6\bin\awt.dll
0x72470000 - 0x724c1000 	C:\Windows\system32\WINSPOOL.DRV
0x74c80000 - 0x74ddc000 	C:\Windows\syswow64\ole32.dll
0x72a10000 - 0x72bae000 	C:\Windows\WinSxS\x86_microsoft.windows.common-controls_6595b64144ccf1df_6.0.7601.17514_none_41e6975e2bd6f2b2\COMCTL32.dll
0x76240000 - 0x76297000 	C:\Windows\syswow64\SHLWAPI.dll
0x73d40000 - 0x73dc4000 	C:\Windows\WinSxS\x86_microsoft.windows.common-controls_6595b64144ccf1df_5.82.7601.17514_none_ec83dffa859149af\comctl32.dll
0x73b10000 - 0x73b23000 	C:\Windows\system32\DWMAPI.DLL
0x73dd0000 - 0x73e50000 	C:\Windows\system32\uxtheme.dll
0x6d230000 - 0x6d27f000 	C:\Program Files (x86)\Java\jre6\bin\fontmanager.dll
0x04b40000 - 0x04f45000 	C:\Windows\system32\atiumdag.dll
0x70660000 - 0x70b04000 	C:\Windows\system32\atiumdva.dll
0x74df0000 - 0x75a3a000 	C:\Windows\system32\shell32.dll
0x6d600000 - 0x6d613000 	C:\Program Files (x86)\Java\jre6\bin\net.dll
0x76530000 - 0x76565000 	C:\Windows\syswow64\WS2_32.dll
0x76570000 - 0x76576000 	C:\Windows\syswow64\NSI.dll
0x748e0000 - 0x7491c000 	C:\Windows\system32\mswsock.dll
0x748d0000 - 0x748d6000 	C:\Windows\System32\wship6.dll
0x6d620000 - 0x6d629000 	C:\Program Files (x86)\Java\jre6\bin\nio.dll
0x748c0000 - 0x748c5000 	C:\Windows\System32\wshtcpip.dll
0x732d0000 - 0x732e0000 	C:\Windows\system32\NLAapi.dll
0x73e50000 - 0x73e60000 	C:\Windows\system32\napinsp.dll
0x73460000 - 0x73472000 	C:\Windows\system32\pnrpnsp.dll
0x74810000 - 0x74854000 	C:\Windows\system32\DNSAPI.dll
0x732b0000 - 0x732b8000 	C:\Windows\System32\winrnr.dll
0x747f0000 - 0x7480c000 	C:\Windows\system32\IPHLPAPI.DLL
0x747e0000 - 0x747e7000 	C:\Windows\system32\WINNSI.DLL
0x747d0000 - 0x747d6000 	C:\Windows\system32\rasadhlp.dll
0x74790000 - 0x747c8000 	C:\Windows\System32\fwpuclnt.dll
0x6d1a0000 - 0x6d1c3000 	C:\Program Files (x86)\Java\jre6\bin\dcpr.dll
0x75c50000 - 0x75cdf000 	C:\Windows\syswow64\OLEAUT32.DLL
0x745d0000 - 0x745e6000 	C:\Windows\system32\CRYPTSP.dll
0x74590000 - 0x745cb000 	C:\Windows\system32\rsaenh.dll
0x74580000 - 0x7458e000 	C:\Windows\system32\RpcRtRemote.dll

VM Arguments:
jvm_args: -Dfile.encoding=Cp1252 -Xbootclasspath:C:\Program Files (x86)\Java\jre6\lib\resources.jar;C:\Program Files (x86)\Java\jre6\lib\rt.jar;C:\Program Files (x86)\Java\jre6\lib\jsse.jar;C:\Program Files (x86)\Java\jre6\lib\jce.jar;C:\Program Files (x86)\Java\jre6\lib\charsets.jar;C:\Program Files (x86)\Android\android-sdk\platforms\android-8\android.jar 
java_command: DesktopDriver
Launcher Type: SUN_STANDARD

Environment Variables:
CLASSPATH=.;C:\Program Files (x86)\QuickTime\QTSystem\QTJava.zip;C:\Users\amangel\Desktop\mysql-connector-java-5.1.17\mysql-connector-java-5.1.17-bin.jar;
PATH=C:/Program Files (x86)/Java/jre7/bin/client;C:/Program Files (x86)/Java/jre7/bin;C:/Program Files (x86)/Java/jre7/lib/i386;C:\Program Files (x86)\PHP\;C:\Windows\system32;C:\Windows;C:\Windows\System32\Wbem;C:\Windows\System32\WindowsPowerShell\v1.0\;C:\Windows\SysWOW64\;C:\Windows\SysWOW64\Wbem;C:\Program Files (x86)\PuTTY;C:\LANG\GNAT08\bin;C:\LANG\GTKADA\bin;C:\Program Files (x86)\cvsnt;C:\enscript;C:\LANG\Ruby\bin;C:\LANG\PRAXIS\BIN;C:\Windows\SysWOW64\WindowsPowerShell\v1.0;C:\Program Files (x86)\AdminStudio\9.0\Common;C:\Program Files (x86)\QuickTime\QTSystem;C:\Program Files\TortoiseSVN\bin;C:\Program Files (x86)\Java\jdk1.6.0_26\bin;C:\Program Files (x86)\Dev-Cpp\bin;C:\Program Files (x86)\Dev-Cpp\include;C:\PYTHON27;C:\Program Files (x86)\eclipse-helios;
USERNAME=bardellc
OS=Windows_NT
PROCESSOR_IDENTIFIER=Intel64 Family 15 Model 4 Stepping 7, GenuineIntel



---------------  S Y S T E M  ---------------

OS: Windows 7 Build 7601 Service Pack 1

CPU:total 2 (2 cores per cpu, 1 threads per core) family 15 model 4 stepping 7, cmov, cx8, fxsr, mmx, sse, sse2, sse3

Memory: 4k page, physical 2095248k(869256k free), swap 4190496k(2616980k free)

vm_info: Java HotSpot(TM) Client VM (20.1-b02) for windows-x86 JRE (1.6.0_26-b03), built on May  4 2011 00:50:59 by "java_re" with MS VC++ 7.1 (VS2003)

time: Wed Jul 11 10:00:21 2012
elapsed time: 25 seconds

