#
# A fatal error has been detected by the Java Runtime Environment:
#
#  EXCEPTION_ACCESS_VIOLATION (0xc0000005) at pc=0xcccccccc, pid=3528, tid=1492
#
# JRE version: 6.0_26-b03
# Java VM: Java HotSpot(TM) Client VM (20.1-b02 mixed mode, sharing windows-x86 )
# Problematic frame:
# C  0xcccccccc
#
# If you would like to submit a bug report, please visit:
#   http://java.sun.com/webapps/bugreport/crash.jsp
# The crash happened outside the Java Virtual Machine in native code.
# See problematic frame for where to report the bug.
#

---------------  T H R E A D  ---------------

Current thread (0x0251d400):  JavaThread "AWT-Windows" daemon [_thread_in_native, id=1492, stack(0x04e90000,0x04ee0000)]

siginfo: ExceptionCode=0xc0000005, reading address 0xcccccccc

Registers:
EAX=0x6d0c007a, EBX=0x00000001, ECX=0x07a65498, EDX=0x00000004
ESP=0x04edf9dc, EBP=0x04edfa08, ESI=0x0251d528, EDI=0x07a65498
EIP=0xcccccccc, EFLAGS=0x00010293

Top of Stack: (sp=0x04edf9dc)
0x04edf9dc:   6d09cb90 00000000 6d09c650 00000000
0x04edf9ec:   04edfa84 00000000 0251d528 04edf9e0
0x04edf9fc:   04edfa9c 6d0c04a8 00000001 04edfa34
0x04edfa0c:   74f962fa 002c03d4 0000981a 07a65498
0x04edfa1c:   00000000 6d09c650 dcbaabcd 00000000
0x04edfa2c:   00000000 6d09c650 04edfaac 74f96d3a
0x04edfa3c:   6d09c650 002c03d4 0000981a 07a65498
0x04edfa4c:   00000000 8f652995 04edfb44 04edfb3c 

Instructions: (pc=0xcccccccc)
0xccccccac:   
[error occurred during error reporting (printing registers, top of stack, instructions near pc), id 0xc0000005]

Register to memory mapping:

EAX=0x6d0c007a is an unknown value
EBX=0x00000001 is an unknown value
ECX=0x07a65498 is an unknown value
EDX=0x00000004 is an unknown value
ESP=0x04edf9dc is pointing into the stack for thread: 0x0251d400
EBP=0x04edfa08 is pointing into the stack for thread: 0x0251d400
ESI=0x0251d528 is an unknown value
EDI=0x07a65498 is an unknown value


Stack: [0x04e90000,0x04ee0000],  sp=0x04edf9dc,  free space=318k
Native frames: (J=compiled Java code, j=interpreted, Vv=VM code, C=native code)
C  0xcccccccc
C  [USER32.dll+0x162fa]  gapfnScSendMessage+0x332
C  [USER32.dll+0x16d3a]  GetThreadDesktop+0xd7
C  [USER32.dll+0x177c4]  CharPrevW+0x138
C  [USER32.dll+0x1788a]  DispatchMessageW+0xf

Java frames: (J=compiled Java code, j=interpreted, Vv=VM code)
j  sun.awt.windows.WToolkit.eventLoop()V+0
j  sun.awt.windows.WToolkit.run()V+52
j  java.lang.Thread.run()V+11
v  ~StubRoutines::call_stub

---------------  P R O C E S S  ---------------

Java Threads: ( => current thread )
  0x07a55000 JavaThread "Thread-1" daemon [_thread_in_native, id=3680, stack(0x07290000,0x072e0000)]
  0x07a54800 JavaThread "Timer-2" [_thread_blocked, id=4036, stack(0x07020000,0x07070000)]
  0x07a53c00 JavaThread "DestroyJavaVM" [_thread_blocked, id=3624, stack(0x00200000,0x00250000)]
  0x07a53800 JavaThread "Thread-12" [_thread_in_native, id=3264, stack(0x083e0000,0x08430000)]
  0x07a53000 JavaThread "Thread-10" [_thread_blocked, id=2840, stack(0x07ff0000,0x08040000)]
  0x07a52c00 JavaThread "AWT-EventQueue-0" [_thread_blocked, id=3392, stack(0x07d00000,0x07d50000)]
  0x07a52400 JavaThread "AWT-Shutdown" [_thread_blocked, id=3252, stack(0x04e00000,0x04e50000)]
  0x07a51c00 JavaThread "Thread-9" [_thread_in_native, id=1452, stack(0x08350000,0x083a0000)]
  0x07a51800 JavaThread "Thread-8" [_thread_in_native, id=3848, stack(0x08280000,0x082d0000)]
  0x07a49c00 JavaThread "Timer-0" [_thread_blocked, id=2424, stack(0x08160000,0x081b0000)]
  0x07a42800 JavaThread "Thread-4" [_thread_in_native, id=1320, stack(0x07f10000,0x07f60000)]
  0x07a42000 JavaThread "Thread-3" [_thread_in_native, id=3332, stack(0x07e80000,0x07ed0000)]
  0x07a41800 JavaThread "Thread-2" [_thread_in_native, id=268, stack(0x07d90000,0x07de0000)]
=>0x0251d400 JavaThread "AWT-Windows" daemon [_thread_in_native, id=1492, stack(0x04e90000,0x04ee0000)]
  0x0251a000 JavaThread "Java2D Disposer" daemon [_thread_in_native, id=2928, stack(0x04b50000,0x04ba0000)]
  0x024d3c00 JavaThread "Low Memory Detector" daemon [_thread_blocked, id=3408, stack(0x049f0000,0x04a40000)]
  0x024ca400 JavaThread "C1 CompilerThread0" daemon [_thread_blocked, id=3792, stack(0x04960000,0x049b0000)]
  0x024c9400 JavaThread "Attach Listener" daemon [_thread_blocked, id=4008, stack(0x048d0000,0x04920000)]
  0x024c6400 JavaThread "Signal Dispatcher" daemon [_thread_blocked, id=1116, stack(0x04840000,0x04890000)]
  0x024c1400 JavaThread "Finalizer" daemon [_thread_blocked, id=2188, stack(0x047b0000,0x04800000)]
  0x024bc000 JavaThread "Reference Handler" daemon [_thread_blocked, id=3664, stack(0x04720000,0x04770000)]

Other Threads:
  0x0247fc00 VMThread [stack: 0x04690000,0x046e0000] [id=1304]
  0x024d5800 WatcherThread [stack: 0x04a80000,0x04ad0000] [id=3084]

VM state:not at safepoint (normal execution)

VM Mutex/Monitor currently owned by a thread: None

Heap
 def new generation   total 4928K, used 781K [0x24180000, 0x246d0000, 0x296d0000)
  eden space 4416K,   6% used [0x24180000, 0x241c3648, 0x245d0000)
  from space 512K, 100% used [0x24650000, 0x246d0000, 0x246d0000)
  to   space 512K,   0% used [0x245d0000, 0x245d0000, 0x24650000)
 tenured generation   total 10944K, used 382K [0x296d0000, 0x2a180000, 0x34180000)
   the space 10944K,   3% used [0x296d0000, 0x2972f998, 0x2972fa00, 0x2a180000)
 compacting perm gen  total 12288K, used 693K [0x34180000, 0x34d80000, 0x38180000)
   the space 12288K,   5% used [0x34180000, 0x3422d4f0, 0x3422d600, 0x34d80000)
    ro space 10240K,  51% used [0x38180000, 0x386adff8, 0x386ae000, 0x38b80000)
    rw space 12288K,  55% used [0x38b80000, 0x3921c208, 0x3921c400, 0x39780000)

Code Cache  [0x02630000, 0x026f0000, 0x04630000)
 total_blobs=421 nmethods=207 adapters=150 free_code_cache=32789760 largest_free_block=0

Dynamic libraries:
0x00400000 - 0x00424000 	C:\Program Files (x86)\Java\jre6\bin\javaw.exe
0x77770000 - 0x778f0000 	C:\Windows\SysWOW64\ntdll.dll
0x75b10000 - 0x75c20000 	C:\Windows\syswow64\kernel32.dll
0x75200000 - 0x75246000 	C:\Windows\syswow64\KERNELBASE.dll
0x75560000 - 0x75600000 	C:\Windows\syswow64\ADVAPI32.dll
0x75150000 - 0x751fc000 	C:\Windows\syswow64\msvcrt.dll
0x75600000 - 0x75619000 	C:\Windows\SysWOW64\sechost.dll
0x75250000 - 0x75340000 	C:\Windows\syswow64\RPCRT4.dll
0x74e50000 - 0x74eb0000 	C:\Windows\syswow64\SspiCli.dll
0x74e40000 - 0x74e4c000 	C:\Windows\syswow64\CRYPTBASE.dll
0x74f80000 - 0x75080000 	C:\Windows\syswow64\USER32.dll
0x74ef0000 - 0x74f80000 	C:\Windows\syswow64\GDI32.dll
0x74ee0000 - 0x74eea000 	C:\Windows\syswow64\LPK.dll
0x75340000 - 0x753dd000 	C:\Windows\syswow64\USP10.dll
0x75ab0000 - 0x75b10000 	C:\Windows\system32\IMM32.DLL
0x76d90000 - 0x76e5c000 	C:\Windows\syswow64\MSCTF.dll
0x7c340000 - 0x7c396000 	C:\Program Files (x86)\Java\jre6\bin\msvcr71.dll
0x6d7f0000 - 0x6da9f000 	C:\Program Files (x86)\Java\jre6\bin\client\jvm.dll
0x74020000 - 0x74052000 	C:\Windows\system32\WINMM.dll
0x74b10000 - 0x74b5c000 	C:\Windows\system32\apphelp.dll
0x6d7a0000 - 0x6d7ac000 	C:\Program Files (x86)\Java\jre6\bin\verify.dll
0x6d320000 - 0x6d33f000 	C:\Program Files (x86)\Java\jre6\bin\java.dll
0x77740000 - 0x77745000 	C:\Windows\system32\PSAPI.DLL
0x6d7e0000 - 0x6d7ef000 	C:\Program Files (x86)\Java\jre6\bin\zip.dll
0x6d000000 - 0x6d14b000 	C:\Program Files (x86)\Java\jre6\bin\awt.dll
0x74c60000 - 0x74cb1000 	C:\Windows\system32\WINSPOOL.DRV
0x757f0000 - 0x7594c000 	C:\Windows\syswow64\ole32.dll
0x73c60000 - 0x73dfe000 	C:\Windows\WinSxS\x86_microsoft.windows.common-controls_6595b64144ccf1df_6.0.7601.17514_none_41e6975e2bd6f2b2\COMCTL32.dll
0x76c10000 - 0x76c67000 	C:\Windows\syswow64\SHLWAPI.dll
0x72a50000 - 0x72ad4000 	C:\Windows\WinSxS\x86_microsoft.windows.common-controls_6595b64144ccf1df_5.82.7601.17514_none_ec83dffa859149af\comctl32.dll
0x732c0000 - 0x732d3000 	C:\Windows\system32\DWMAPI.DLL
0x72c80000 - 0x72d00000 	C:\Windows\system32\uxtheme.dll
0x6d230000 - 0x6d27f000 	C:\Program Files (x86)\Java\jre6\bin\fontmanager.dll
0x75c50000 - 0x7689a000 	C:\Windows\system32\shell32.dll
0x6d600000 - 0x6d613000 	C:\Program Files (x86)\Java\jre6\bin\net.dll
0x75a70000 - 0x75aa5000 	C:\Windows\syswow64\WS2_32.dll
0x75c20000 - 0x75c26000 	C:\Windows\syswow64\NSI.dll
0x74d30000 - 0x74d6c000 	C:\Windows\system32\mswsock.dll
0x74d20000 - 0x74d26000 	C:\Windows\System32\wship6.dll
0x6d620000 - 0x6d629000 	C:\Program Files (x86)\Java\jre6\bin\nio.dll
0x74d10000 - 0x74d15000 	C:\Windows\System32\wshtcpip.dll
0x742a0000 - 0x742b0000 	C:\Windows\system32\NLAapi.dll
0x74640000 - 0x74650000 	C:\Windows\system32\napinsp.dll
0x73fa0000 - 0x73fb2000 	C:\Windows\system32\pnrpnsp.dll
0x74b80000 - 0x74bc4000 	C:\Windows\system32\DNSAPI.dll
0x742b0000 - 0x742b8000 	C:\Windows\System32\winrnr.dll
0x74cd0000 - 0x74cec000 	C:\Windows\system32\IPHLPAPI.DLL
0x74cc0000 - 0x74cc7000 	C:\Windows\system32\WINNSI.DLL
0x74b70000 - 0x74b76000 	C:\Windows\system32\rasadhlp.dll
0x74ac0000 - 0x74af8000 	C:\Windows\System32\fwpuclnt.dll
0x6d1a0000 - 0x6d1c3000 	C:\Program Files (x86)\Java\jre6\bin\dcpr.dll
0x753e0000 - 0x7546f000 	C:\Windows\syswow64\OLEAUT32.DLL
0x74960000 - 0x74976000 	C:\Windows\system32\CRYPTSP.dll
0x74920000 - 0x7495b000 	C:\Windows\system32\rsaenh.dll
0x74910000 - 0x7491e000 	C:\Windows\system32\RpcRtRemote.dll

VM Arguments:
jvm_args: -Dfile.encoding=Cp1252 -Xbootclasspath:C:\Program Files (x86)\Java\jre6\lib\resources.jar;C:\Program Files (x86)\Java\jre6\lib\rt.jar;C:\Program Files (x86)\Java\jre6\lib\jsse.jar;C:\Program Files (x86)\Java\jre6\lib\jce.jar;C:\Program Files (x86)\Java\jre6\lib\charsets.jar;C:\Program Files (x86)\Android\android-sdk\platforms\android-8\android.jar 
java_command: DesktopDriver
Launcher Type: SUN_STANDARD

Environment Variables:
CLASSPATH=.;C:\Program Files (x86)\QuickTime\QTSystem\QTJava.zip;C:\Users\amangel\Desktop\mysql-connector-java-5.1.17\mysql-connector-java-5.1.17-bin.jar;
PATH=C:/Program Files (x86)/Java/jre7/bin/client;C:/Program Files (x86)/Java/jre7/bin;C:/Program Files (x86)/Java/jre7/lib/i386;C:\Program Files (x86)\PHP\;C:\Windows\system32;C:\Windows;C:\Windows\System32\Wbem;C:\Windows\System32\WindowsPowerShell\v1.0\;C:\Windows\SysWOW64\;C:\Windows\SysWOW64\Wbem;C:\Program Files (x86)\PuTTY;C:\LANG\GNAT08\bin;C:\LANG\GTKADA\bin;C:\Program Files (x86)\cvsnt;C:\enscript;C:\LANG\Ruby\bin;C:\LANG\PRAXIS\BIN;C:\Windows\SysWOW64\WindowsPowerShell\v1.0;C:\Program Files (x86)\AdminStudio\9.0\Common;C:\Program Files (x86)\QuickTime\QTSystem;C:\Program Files\TortoiseSVN\bin;C:\Program Files (x86)\Java\jdk1.6.0_26\bin;C:\Program Files (x86)\Dev-Cpp\bin;C:\Program Files (x86)\Dev-Cpp\include;C:\PYTHON27;C:\Program Files (x86)\eclipse-helios;
USERNAME=bardellc
OS=Windows_NT
PROCESSOR_IDENTIFIER=Intel64 Family 15 Model 4 Stepping 7, GenuineIntel



---------------  S Y S T E M  ---------------

OS: Windows 7 Build 7601 Service Pack 1

CPU:total 2 (2 cores per cpu, 1 threads per core) family 15 model 4 stepping 7, cmov, cx8, fxsr, mmx, sse, sse2, sse3

Memory: 4k page, physical 2095248k(874500k free), swap 4190496k(2393900k free)

vm_info: Java HotSpot(TM) Client VM (20.1-b02) for windows-x86 JRE (1.6.0_26-b03), built on May  4 2011 00:50:59 by "java_re" with MS VC++ 7.1 (VS2003)

time: Mon Jul 16 11:27:49 2012
elapsed time: 17 seconds

